companion-camera-app-for-wearable/Wearable/build/intermediates/manifest_merge_blame_file/debug/manifest-merger-blame-debug-report.txt
1<?xml version="1.0" encoding="utf-8"?>
2<!--
3 Copyright (C) 2021 The Android Open Source Project
4
5     Licensed under the Apache License, Version 2.0 (the "License");
6     you may not use this file except in compliance with the License.
7     You may obtain a copy of the License at
8
9          http://www.apache.org/licenses/LICENSE-2.0
10
11     Unless required by applicable law or agreed to in writing, software
12     distributed under the License is distributed on an "AS IS" BASIS,
13     WITHOUT WARRANTIES OR CONDITIONS OF ANY KIND, either express or implied.
14     See the License for the specific language governing permissions and
15     limitations under the License.
16-->
17<manifest xmlns:android="http://schemas.android.com/apk/res/android"
18    package="com.example.android.wearable.datalayer"
19    android:versionCode="1"
20    android:versionName="1.0" >
21
22    <uses-sdk
23        android:minSdkVersion="26"
24        android:targetSdkVersion="33" />
25
26    <uses-feature android:name="android.hardware.type.watch" />
26-->src\main\AndroidManifest.xml:20:5-64
26-->src\main\AndroidManifest.xml:20:19-61
27
28    <permission
28-->[androidx.core:core:1.10.0] AndroidManifest.xml:22:5-24:47
29        android:name="com.example.android.wearable.datalayer.DYNAMIC_RECEIVER_NOT_EXPORTED_PERMISSION"
29-->[androidx.core:core:1.10.0] AndroidManifest.xml:23:9-81
30        android:protectionLevel="signature" />
30-->[androidx.core:core:1.10.0] AndroidManifest.xml:24:9-44
31
32    <uses-permission android:name="com.example.android.wearable.datalayer.DYNAMIC_RECEIVER_NOT_EXPORTED_PERMISSION" />
32-->[androidx.core:core:1.10.0] AndroidManifest.xml:26:5-97
32-->[androidx.core:core:1.10.0] AndroidManifest.xml:26:22-94
33
34    <application
34-->src\main\AndroidManifest.xml:22:5-78:19
35        android:allowBackup="true"
35-->src\main\AndroidManifest.xml:23:9-35
36        android:appComponentFactory="androidx.core.app.CoreComponentFactory"
36-->[androidx.core:core:1.10.0] AndroidManifest.xml:28:18-86
37        android:debuggable="true"
38        android:extractNativeLibs="false"
39        android:fullBackupOnly="true"
39-->src\main\AndroidManifest.xml:24:9-38
40        android:icon="@drawable/ic_launcher"
40-->src\main\AndroidManifest.xml:25:9-45
41        android:label="@string/app_name"
41-->src\main\AndroidManifest.xml:26:9-41
42        android:theme="@android:style/Theme.DeviceDefault" >
42-->src\main\AndroidManifest.xml:27:9-59
43        <meta-data
43-->src\main\AndroidManifest.xml:29:9-31:37
44            android:name="com.google.android.wearable.standalone"
44-->src\main\AndroidManifest.xml:30:13-66
45            android:value="false" />
45-->src\main\AndroidManifest.xml:31:13-34
46        <meta-data
46-->src\main\AndroidManifest.xml:33:9-35:69
47            android:name="com.google.android.gms.version"
47-->src\main\AndroidManifest.xml:34:13-58
48            android:value="@integer/google_play_services_version" />
48-->src\main\AndroidManifest.xml:35:13-66
49
50        <service
50-->src\main\AndroidManifest.xml:37:9-63:19
51            android:name="com.example.android.wearable.datalayer.DataLayerListenerService"
51-->src\main\AndroidManifest.xml:38:13-53
52            android:exported="true" >
52-->src\main\AndroidManifest.xml:39:13-36
53            <intent-filter>
53-->src\main\AndroidManifest.xml:40:13-47:29
54
55                <!-- listeners receive events that match the action and data filters -->
56                <action android:name="com.google.android.gms.wearable.DATA_CHANGED" />
56-->src\main\AndroidManifest.xml:42:17-87
56-->src\main\AndroidManifest.xml:42:25-84
57
58                <data
58-->src\main\AndroidManifest.xml:43:17-46:45
59                    android:host="*"
59-->src\main\AndroidManifest.xml:44:21-37
60                    android:pathPrefix="/count"
60-->src\main\AndroidManifest.xml:45:21-48
61                    android:scheme="wear" />
61-->src\main\AndroidManifest.xml:46:21-42
62            </intent-filter>
63            <intent-filter>
63-->src\main\AndroidManifest.xml:48:13-55:29
64
65                <!-- listeners receive events that match the action and data filters -->
66                <action android:name="com.google.android.gms.wearable.DATA_CHANGED" />
66-->src\main\AndroidManifest.xml:42:17-87
66-->src\main\AndroidManifest.xml:42:25-84
67
68                <data
68-->src\main\AndroidManifest.xml:43:17-46:45
69                    android:host="*"
69-->src\main\AndroidManifest.xml:44:21-37
70                    android:pathPrefix="/coordinate"
70-->src\main\AndroidManifest.xml:45:21-48
71                    android:scheme="wear" />
71-->src\main\AndroidManifest.xml:46:21-42
72            </intent-filter>
73            <intent-filter>
73-->src\main\AndroidManifest.xml:56:13-62:29
74                <action android:name="com.google.android.gms.wearable.MESSAGE_RECEIVED" />
74-->src\main\AndroidManifest.xml:57:17-91
74-->src\main\AndroidManifest.xml:57:25-88
75
76                <data
76-->src\main\AndroidManifest.xml:43:17-46:45
77                    android:host="*"
77-->src\main\AndroidManifest.xml:44:21-37
78                    android:pathPrefix="/start-activity"
78-->src\main\AndroidManifest.xml:45:21-48
79                    android:scheme="wear" />
79-->src\main\AndroidManifest.xml:46:21-42
80            </intent-filter>
81        </service>
82
83        <activity
83-->src\main\AndroidManifest.xml:64:9-77:20
84            android:name="com.example.android.wearable.datalayer.MainActivity"
84-->src\main\AndroidManifest.xml:65:13-41
85            android:exported="true"
85-->src\main\AndroidManifest.xml:66:13-36
86            android:taskAffinity=".main" >
86-->src\main\AndroidManifest.xml:67:13-41
87            <intent-filter>
87-->src\main\AndroidManifest.xml:69:13-72:29
88                <action android:name="android.intent.action.MAIN" />
88-->src\main\AndroidManifest.xml:70:17-69
88-->src\main\AndroidManifest.xml:70:25-66
89
90                <category android:name="android.intent.category.LAUNCHER" />
90-->src\main\AndroidManifest.xml:71:17-77
90-->src\main\AndroidManifest.xml:71:27-74
91            </intent-filter>
92            <intent-filter>
92-->src\main\AndroidManifest.xml:73:13-76:29
93                <action android:name="com.example.android.wearable.datalayer.EXAMPLE" />
93-->src\main\AndroidManifest.xml:74:17-89
93-->src\main\AndroidManifest.xml:74:25-86
94
95                <category android:name="android.intent.category.DEFAULT" />
95-->src\main\AndroidManifest.xml:75:17-76
95-->src\main\AndroidManifest.xml:75:27-73
96            </intent-filter>
97        </activity>
98        <activity
98-->[androidx.compose.ui:ui-tooling-android:1.5.3] AndroidManifest.xml:23:9-25:39
99            android:name="androidx.compose.ui.tooling.PreviewActivity"
99-->[androidx.compose.ui:ui-tooling-android:1.5.3] AndroidManifest.xml:24:13-71
100            android:exported="true" />
100-->[androidx.compose.ui:ui-tooling-android:1.5.3] AndroidManifest.xml:25:13-36
101        <activity
101-->[com.google.android.gms:play-services-base:18.0.1] AndroidManifest.xml:20:9-22:45
102            android:name="com.google.android.gms.common.api.GoogleApiActivity"
102-->[com.google.android.gms:play-services-base:18.0.1] AndroidManifest.xml:20:19-85
103            android:exported="false"
103-->[com.google.android.gms:play-services-base:18.0.1] AndroidManifest.xml:22:19-43
104            android:theme="@android:style/Theme.Translucent.NoTitleBar" />
104-->[com.google.android.gms:play-services-base:18.0.1] AndroidManifest.xml:21:19-78
105
106        <provider
106-->[androidx.emoji2:emoji2:1.4.0] AndroidManifest.xml:24:9-32:20
107            android:name="androidx.startup.InitializationProvider"
107-->[androidx.emoji2:emoji2:1.4.0] AndroidManifest.xml:25:13-67
108            android:authorities="com.example.android.wearable.datalayer.androidx-startup"
108-->[androidx.emoji2:emoji2:1.4.0] AndroidManifest.xml:26:13-68
109            android:exported="false" >
109-->[androidx.emoji2:emoji2:1.4.0] AndroidManifest.xml:27:13-37
110            <meta-data
110-->[androidx.emoji2:emoji2:1.4.0] AndroidManifest.xml:29:13-31:52
111                android:name="androidx.emoji2.text.EmojiCompatInitializer"
111-->[androidx.emoji2:emoji2:1.4.0] AndroidManifest.xml:30:17-75
112                android:value="androidx.startup" />
112-->[androidx.emoji2:emoji2:1.4.0] AndroidManifest.xml:31:17-49
113            <meta-data
113-->[androidx.lifecycle:lifecycle-process:2.6.2] AndroidManifest.xml:29:13-31:52
114                android:name="androidx.lifecycle.ProcessLifecycleInitializer"
114-->[androidx.lifecycle:lifecycle-process:2.6.2] AndroidManifest.xml:30:17-78
115                android:value="androidx.startup" />
115-->[androidx.lifecycle:lifecycle-process:2.6.2] AndroidManifest.xml:31:17-49
116            <meta-data
116-->[androidx.profileinstaller:profileinstaller:1.3.0] AndroidManifest.xml:29:13-31:52
117                android:name="androidx.profileinstaller.ProfileInstallerInitializer"
117-->[androidx.profileinstaller:profileinstaller:1.3.0] AndroidManifest.xml:30:17-85
118                android:value="androidx.startup" />
118-->[androidx.profileinstaller:profileinstaller:1.3.0] AndroidManifest.xml:31:17-49
119        </provider>
120
121        <receiver
121-->[androidx.profileinstaller:profileinstaller:1.3.0] AndroidManifest.xml:34:9-52:20
122            android:name="androidx.profileinstaller.ProfileInstallReceiver"
122-->[androidx.profileinstaller:profileinstaller:1.3.0] AndroidManifest.xml:35:13-76
123            android:directBootAware="false"
123-->[androidx.profileinstaller:profileinstaller:1.3.0] AndroidManifest.xml:36:13-44
124            android:enabled="true"
124-->[androidx.profileinstaller:profileinstaller:1.3.0] AndroidManifest.xml:37:13-35
125            android:exported="true"
125-->[androidx.profileinstaller:profileinstaller:1.3.0] AndroidManifest.xml:38:13-36
126            android:permission="android.permission.DUMP" >
126-->[androidx.profileinstaller:profileinstaller:1.3.0] AndroidManifest.xml:39:13-57
127            <intent-filter>
127-->[androidx.profileinstaller:profileinstaller:1.3.0] AndroidManifest.xml:40:13-42:29
128                <action android:name="androidx.profileinstaller.action.INSTALL_PROFILE" />
128-->[androidx.profileinstaller:profileinstaller:1.3.0] AndroidManifest.xml:41:17-91
128-->[androidx.profileinstaller:profileinstaller:1.3.0] AndroidManifest.xml:41:25-88
129            </intent-filter>
130            <intent-filter>
130-->[androidx.profileinstaller:profileinstaller:1.3.0] AndroidManifest.xml:43:13-45:29
131                <action android:name="androidx.profileinstaller.action.SKIP_FILE" />
131-->[androidx.profileinstaller:profileinstaller:1.3.0] AndroidManifest.xml:44:17-85
131-->[androidx.profileinstaller:profileinstaller:1.3.0] AndroidManifest.xml:44:25-82
132            </intent-filter>
133            <intent-filter>
133-->[androidx.profileinstaller:profileinstaller:1.3.0] AndroidManifest.xml:46:13-48:29
134                <action android:name="androidx.profileinstaller.action.SAVE_PROFILE" />
134-->[androidx.profileinstaller:profileinstaller:1.3.0] AndroidManifest.xml:47:17-88
134-->[androidx.profileinstaller:profileinstaller:1.3.0] AndroidManifest.xml:47:25-85
135            </intent-filter>
136            <intent-filter>
136-->[androidx.profileinstaller:profileinstaller:1.3.0] AndroidManifest.xml:49:13-51:29
137                <action android:name="androidx.profileinstaller.action.BENCHMARK_OPERATION" />
137-->[androidx.profileinstaller:profileinstaller:1.3.0] AndroidManifest.xml:50:17-95
137-->[androidx.profileinstaller:profileinstaller:1.3.0] AndroidManifest.xml:50:25-92
138            </intent-filter>
139        </receiver>
140    </application>
141
142</manifest>